<?xml version="1.0" encoding="UTF-8"?>
<!-- Generated by org.testng.reporters.JUnitXMLReporter -->
<testsuite ignored="0" hostname="DESKTOP-DCBNMLH" failures="0" tests="4" name="Test" time="38.38" errors="0" timestamp="2022-04-03T15:55:26 IST">
  <testcase classname="academy.HomePageTest" name="basePageNavigation" time="4.744"/>
  <testcase classname="academy.HomePageTest" name="basePageNavigation" time="4.357"/>
  <testcase classname="academy.validateNavigationBar" name="basePageNavigation" time="0.086"/>
  <testcase classname="academy.validateTitle" name="basePageNavigation" time="0.059"/>
</testsuite> <!-- Test -->
