<?xml version="1.0" encoding="UTF-8"?>
<!-- Generated by org.testng.reporters.JUnitXMLReporter -->
<testsuite ignored="0" hostname="DESKTOP-DCBNMLH" failures="0" tests="2" name="Validating Title" time="4.744" errors="0" timestamp="2022-05-19T11:08:56 IST">
  <testcase classname="academy.validateTitle" name="@BeforeTest initialize" time="4.683">
    <failure type="java.lang.NullPointerException" message="Cannot invoke &amp;quot;java.util.Properties.getProperty(String)&amp;quot; because &amp;quot;this.prop&amp;quot; is null">
      <![CDATA[java.lang.NullPointerException: Cannot invoke "java.util.Properties.getProperty(String)" because "this.prop" is null
at academy.validateTitle.initialize(validateTitle.java:26)
at java.base/java.util.concurrent.FutureTask.run(FutureTask.java:264)
at java.base/java.util.concurrent.ThreadPoolExecutor.runWorker(ThreadPoolExecutor.java:1136)
at java.base/java.util.concurrent.ThreadPoolExecutor$Worker.run(ThreadPoolExecutor.java:635)
at java.base/java.lang.Thread.run(Thread.java:833)
... Removed 15 stack frames]]>
    </failure>
  </testcase> <!-- @BeforeTest initialize -->
  <testcase classname="academy.validateTitle" name="@AfterTest tearDown" time="0.0">
    <skipped/>
  </testcase> <!-- @AfterTest tearDown -->
  <testcase classname="academy.validateTitle" name="validateHeader" time="0.0">
    <skipped/>
  </testcase> <!-- validateHeader -->
  <testcase classname="academy.validateTitle" name="validateHomeTitle" time="0.001">
    <skipped/>
  </testcase> <!-- validateHomeTitle -->
</testsuite> <!-- Validating Title -->
